CRITICAL:root:361.txt:upload error:processtext() missing 1 required positional argument: 'filename'
WARNING:root:361.txt:missing columns:['©2020        Date']
WARNING:root:361.txt:missing columns:['FINRA. All rights Type']
WARNING:root:361.txt:missing columns:['©2020        Date']
WARNING:root:361.txt:missing columns:['©2020 Product     Type(s)']
WARNING:root:361.txt:missing columns:['Does the order constitute a final order based on violations Allany reserved.98 regulations that prohibit Does the order constitute a final order based on violations of any laws or regulations that prohibit fraudulent, manipulative, or deceptive conduct?']
WARNING:root:361.txt:missing columns:['©2020 Sanction(s)/Relief Sought']
WARNING:root:361.txt:missing columns:['FINRA. All rights Type']
WARNING:root:361.txt:missing columns:['Does the order constitute a final order based on violations of any laws or regulations that prohibit fraudulent, ©2020manipulative, deceptive conduct? Does the order constitute a final order based on violations of any laws or regulations that prohibit fraudulent, manipulative, or deceptive conduct?']
WARNING:root:361.txt:missing columns:['©2020     Details']
WARNING:root:361.txt:missing columns:['Does the order constitute a final order based on violations of any laws or regulations ©2020 that FINRA. All prohibit fraudulent, manipulative, or Does the order constitute a final order based on violations of any laws or regulations that prohibit fraudulent, manipulative, or deceptive conduct?']
WARNING:root:361.txt:missing columns:['Does the order constitute a final order based on violations of any laws or regulations that prohibit fraudulent, manipulative, or deceptive conduct? Does the order constitute a final order based on violations of any laws or regulations that prohibit fraudulent, manipulative, or deceptive conduct?']
WARNING:root:361.txt:missing columns:['Does the order constitute a final order based on violations of any laws or regulations that prohibit fraudulent, manipulative, or Does the order constitute a final order based on violations of any laws or regulations that prohibit fraudulent, manipulative, or deceptive conduct?']
WARNING:root:361.txt:missing columns:['©2020     Details']
WARNING:root:361.txt:missing columns:['All rightsOrdered']
WARNING:root:361.txt:missing columns:['URL for Regulatory Action']
WARNING:root:361.txt:missing columns:['CENSURE Sought']
WARNING:root:361.txt:missing columns:['URL for Regulatory Action', '©2020 Product     Type(s)']
WARNING:root:361.txt:missing columns:['SACHS & CO. LLC                                               215 Sought']
WARNING:root:361.txt:missing columns:['URL for Regulatory Action']
WARNING:root:361.txt:missing columns:['LLC          /Fine(s)                            237 Sought']
WARNING:root:361.txt:missing columns:['URL for Regulatory Action']
WARNING:root:361.txt:missing columns:['URL for Regulatory Action', 'Does the order constitute a final order based on violations of any laws or regulations that prohibit fraudulent, manipulative, or deceptive Does the order constitute a final order based on violations of any laws or regulations that prohibit fraudulent, manipulative, or deceptive conduct?']
WARNING:root:361.txt:missing columns:['©2020 Product     Type(s)']
WARNING:root:361.txt:missing columns:['©2020 Product     Type(s)']
WARNING:root:361.txt:missing columns:['URL for Regulatory Action']
WARNING:root:361.txt:missing columns:['Does the order constitute a final order basedon violations of any laws or Does the order constitute a final order based on violations of any laws or regulations that prohibit fraudulent, manipulative, or deceptive conduct?']
WARNING:root:361.txt:missing columns:['URL for Regulatory Action']
WARNING:root:361.txt:missing columns:['URL for Regulatory Action']
WARNING:root:361.txt:missing columns:['URL for Regulatory Action']
WARNING:root:361.txt:missing columns:['©2020     Details']
WARNING:root:361.txt:missing columns:['LLC                                               308 Sought']
WARNING:root:361.txt:missing columns:['©2020 Product     Type(s)']
WARNING:root:361.txt:missing columns:['URL for Regulatory Action']
WARNING:root:361.txt:missing columns:['URL for Regulatory Action']
WARNING:root:361.txt:missing columns:['URL for Regulatory Action']
WARNING:root:361.txt:missing columns:['©2020        Date']
WARNING:root:361.txt:missing columns:['©2020 Product     Type(s)']
WARNING:root:361.txt:missing columns:['Does the order constitute a final order based on violations of any laws or regulations that prohibit fraudulent, manipulative, or Does the order constitute a final order based on violations of any laws or regulations that prohibit fraudulent, manipulative, or deceptive conduct?']
WARNING:root:361.txt:missing columns:['©2020        Date']
WARNING:root:361.txt:missing columns:['All rightsOrdered']
WARNING:root:361.txt:missing columns:['©2020        Date']
WARNING:root:361.txt:missing columns:['Does the order constitute a final order based on violations of any laws or regulations that prohibit manipulative, 403 deceptive conduct? Does the order constitute a final order based on violations of any laws or regulations that prohibit fraudulent, manipulative, or deceptive conduct?']
WARNING:root:361.txt:missing columns:['©2020     Details']
WARNING:root:361.txt:missing columns:['©2020        Date']
WARNING:root:361.txt:missing columns:['URL for Regulatory Action']
WARNING:root:361.txt:missing columns:['All rightsOrdered']
WARNING:root:361.txt:missing columns:['URL for Regulatory Action']
WARNING:root:361.txt:missing columns:['All rightsOrdered']
WARNING:root:361.txt:missing columns:['Firm Statement GOLDMAN']
WARNING:root:361.txt:missing columns:['URL for Regulatory Action']
WARNING:root:361.txt:missing columns:['Filed', 'URL for Regulatory Action']
WARNING:root:361.txt:missing columns:['URL for Regulatory Action']
WARNING:root:361.txt:missing columns:['URL for Regulatory Action', '©2020        Date']
WARNING:root:361.txt:missing columns:['URL for Regulatory Action']
WARNING:root:361.txt:missing columns:['URL for Regulatory Action']
WARNING:root:361.txt:missing columns:['URL for Regulatory Action']
WARNING:root:361.txt:missing columns:['URL for Regulatory Action']
WARNING:root:361.txt:missing columns:['URL for Regulatory Action']
WARNING:root:361.txt:missing columns:['URL for Regulatory Action']
WARNING:root:361.txt:missing columns:['URL for Regulatory Action']
WARNING:root:361.txt:missing columns:['URL for Regulatory Action']
WARNING:root:361.txt:missing columns:['All rightsOrdered']
WARNING:root:361.txt:missing columns:['FINRA.                              Censure Sought']
WARNING:root:361.txt:missing columns:['©2020 Sanction(s)/Relief Sought']
WARNING:root:361.txt:missing columns:['All rightsOrdered']
WARNING:root:361.txt:missing columns:['FINRA. All rights Type']
WARNING:root:361.txt:missing columns:['©2020 Sanction(s)/Relief Sought']
WARNING:root:361.txt:missing columns:['FINRA. All rights Type']
WARNING:root:361.txt:missing columns:['All rightsOrdered']
WARNING:root:361.txt:missing columns:['LLC          /Fine(s)                          554 Sought']
WARNING:root:361.txt:missing columns:['FINRA. All rights Type']
WARNING:root:361.txt:missing columns:['All rightsOrdered']
WARNING:root:361.txt:missing columns:['©2020 Sanction(s)/Relief Sought']
WARNING:root:361.txt:missing columns:['©2020 Product     Type(s)']
WARNING:root:361.txt:missing columns:['©2020 Sanction(s)/Relief Sought']
WARNING:root:361.txt:missing columns:['Firm Statement SACHS']
WARNING:root:361.txt:missing columns:['©2020 Product     Type(s)']
WARNING:root:361.txt:missing columns:['FINRA. All rights Type']
WARNING:root:361.txt:missing columns:['©2020         Date']
